TN:
SF:src\router.ts
FN:33,(anonymous_0)
FN:47,(anonymous_1)
FNF:2
FNH:2
FNDA:4,(anonymous_0)
FNDA:5,(anonymous_1)
DA:1,2
DA:2,2
DA:3,2
DA:4,2
DA:6,2
DA:15,2
DA:16,2
DA:24,2
DA:33,4
DA:39,2
DA:47,5
DA:55,2
DA:62,2
DA:70,2
LF:14
LH:14
BRF:0
BRH:0
end_of_record
TN:
SF:src\server.ts
FN:7,connectDB
FNF:1
FNH:1
FNDA:3,connectDB
DA:1,2
DA:2,2
DA:3,2
DA:4,2
DA:7,2
DA:8,3
DA:9,3
DA:10,2
DA:14,1
DA:17,2
DA:19,2
DA:22,2
DA:24,2
DA:29,2
LF:14
LH:14
BRF:0
BRH:0
end_of_record
TN:
SF:src\config\db.ts
FNF:0
FNH:0
DA:1,2
DA:2,2
DA:3,2
DA:6,2
DA:12,2
LF:5
LH:5
BRF:0
BRH:0
end_of_record
TN:
SF:src\handlers\product.ts
FN:5,(anonymous_1)
FN:12,(anonymous_2)
FN:27,(anonymous_3)
FN:40,(anonymous_4)
FN:58,(anonymous_5)
FN:76,(anonymous_6)
FNF:6
FNH:6
FNDA:2,(anonymous_1)
FNDA:2,(anonymous_2)
FNDA:1,(anonymous_3)
FNDA:2,(anonymous_4)
FNDA:2,(anonymous_5)
FNDA:2,(anonymous_6)
DA:2,2
DA:5,2
DA:6,2
DA:9,2
DA:12,2
DA:13,2
DA:14,2
DA:16,2
DA:17,1
DA:22,1
DA:27,2
DA:30,1
DA:31,1
DA:32,1
DA:35,0
DA:40,2
DA:42,2
DA:43,2
DA:45,2
DA:46,1
DA:52,1
DA:53,1
DA:55,1
DA:58,2
DA:60,2
DA:61,2
DA:63,2
DA:64,1
DA:70,1
DA:71,1
DA:73,1
DA:76,2
DA:78,2
DA:79,2
DA:81,2
DA:82,1
DA:87,1
DA:88,1
LF:38
LH:37
BRDA:16,0,0,1
BRDA:45,1,0,1
BRDA:63,2,0,1
BRDA:81,3,0,1
BRF:4
BRH:4
end_of_record
TN:
SF:src\middleware\index.ts
FN:5,(anonymous_0)
FNF:1
FNH:1
FNDA:17,(anonymous_0)
DA:2,2
DA:5,2
DA:7,17
DA:8,17
DA:9,8
DA:12,9
LF:6
LH:6
BRDA:8,0,0,8
BRF:1
BRH:1
end_of_record
TN:
SF:src\models\Product.model.ts
FNF:0
FNH:0
DA:2,3
DA:9,3
DA:13,3
DA:18,3
DA:25,3
DA:27,3
LF:6
LH:6
BRF:0
BRH:0
end_of_record
